<?xml version="1.0" encoding="UTF-8"?>
<testng-results skipped="1" failed="0" ignored="0" total="1" passed="0">
  <reporter-output>
  </reporter-output>
  <suite name="Default suite" duration-ms="134" started-at="2022-01-18T14:10:56 IST" finished-at="2022-01-18T14:10:57 IST">
    <groups>
    </groups>
    <test name="Default test" duration-ms="134" started-at="2022-01-18T14:10:56 IST" finished-at="2022-01-18T14:10:57 IST">
      <class name="Maincode.Maincode">
        <test-method status="FAIL" signature="launchBrowser()[pri:0, instance:Maincode.Maincode@1786dec2]" name="launchBrowser" is-config="true" duration-ms="3919" started-at="2022-01-18T14:10:52 IST" finished-at="2022-01-18T14:10:56 IST">
          <exception class="org.openqa.selenium.SessionNotCreatedException">
            <message>
              <![CDATA[session not created: This version of ChromeDriver only supports Chrome version 95
Current browser version is 97.0.4692.71 with binary path C:\Program Files\Google\Chrome\Application\chrome.exe
Build info: version: '3.141.59', revision: 'e82be7d358', time: '2018-11-14T08:25:48'
System info: host: 'LAPTOP-B6A6O6DT', ip: '192.168.1.100', os.name: 'Windows 10', os.arch: 'amd64', os.version: '10.0', java.version: '1.8.0_311'
Driver info: driver.version: ChromeDriver
remote stacktrace: Backtrace:
Ordinal0 [0x00293AB3+2505395]
Ordinal0 [0x0022AE41+2076225]
Ordinal0 [0x00132498+1057944]
Ordinal0 [0x00150841+1181761]
Ordinal0 [0x0014C64B+1164875]
Ordinal0 [0x00149EBF+1154751]
Ordinal0 [0x0017A02F+1351727]
Ordinal0 [0x00179C9A+1350810]
Ordinal0 [0x001758BB+1333435]
Ordinal0 [0x001523E4+1188836]
Ordinal0 [0x0015323F+1192511]
GetHandleVerifier [0x0041CB36+1554566]
GetHandleVerifier [0x004C4A0C+2242396]
GetHandleVerifier [0x00320E0B+523099]
GetHandleVerifier [0x0031FEB0+519168]
Ordinal0 [0x002302FD+2097917]
Ordinal0 [0x00234388+2114440]
Ordinal0 [0x002344C2+2114754]
Ordinal0 [0x0023E041+2154561]
BaseThreadInitThunk [0x75126739+25]
RtlGetFullPathName_UEx [0x76F08AFF+1215]
RtlGetFullPathName_UEx [0x76F08ACD+1165]
(No symbol) [0x00000000]
]]>
            </message>
            <full-stacktrace>
              <![CDATA[org.openqa.selenium.SessionNotCreatedException: session not created: This version of ChromeDriver only supports Chrome version 95
Current browser version is 97.0.4692.71 with binary path C:\Program Files\Google\Chrome\Application\chrome.exe
Build info: version: '3.141.59', revision: 'e82be7d358', time: '2018-11-14T08:25:48'
System info: host: 'LAPTOP-B6A6O6DT', ip: '192.168.1.100', os.name: 'Windows 10', os.arch: 'amd64', os.version: '10.0', java.version: '1.8.0_311'
Driver info: driver.version: ChromeDriver
remote stacktrace: Backtrace:
Ordinal0 [0x00293AB3+2505395]
Ordinal0 [0x0022AE41+2076225]
Ordinal0 [0x00132498+1057944]
Ordinal0 [0x00150841+1181761]
Ordinal0 [0x0014C64B+1164875]
Ordinal0 [0x00149EBF+1154751]
Ordinal0 [0x0017A02F+1351727]
Ordinal0 [0x00179C9A+1350810]
Ordinal0 [0x001758BB+1333435]
Ordinal0 [0x001523E4+1188836]
Ordinal0 [0x0015323F+1192511]
GetHandleVerifier [0x0041CB36+1554566]
GetHandleVerifier [0x004C4A0C+2242396]
GetHandleVerifier [0x00320E0B+523099]
GetHandleVerifier [0x0031FEB0+519168]
Ordinal0 [0x002302FD+2097917]
Ordinal0 [0x00234388+2114440]
Ordinal0 [0x002344C2+2114754]
Ordinal0 [0x0023E041+2154561]
BaseThreadInitThunk [0x75126739+25]
RtlGetFullPathName_UEx [0x76F08AFF+1215]
RtlGetFullPathName_UEx [0x76F08ACD+1165]
(No symbol) [0x00000000]

at sun.reflect.NativeConstructorAccessorImpl.newInstance0(Native Method)
at sun.reflect.NativeConstructorAccessorImpl.newInstance(Unknown Source)
at sun.reflect.DelegatingConstructorAccessorImpl.newInstance(Unknown Source)
at java.lang.reflect.Constructor.newInstance(Unknown Source)
at org.openqa.selenium.remote.W3CHandshakeResponse.lambda$errorHandler$0(W3CHandshakeResponse.java:62)
at org.openqa.selenium.remote.HandshakeResponse.lambda$getResponseFunction$0(HandshakeResponse.java:30)
at org.openqa.selenium.remote.ProtocolHandshake.lambda$createSession$0(ProtocolHandshake.java:126)
at java.util.stream.ReferencePipeline$3$1.accept(Unknown Source)
at java.util.Spliterators$ArraySpliterator.tryAdvance(Unknown Source)
at java.util.stream.ReferencePipeline.forEachWithCancel(Unknown Source)
at java.util.stream.AbstractPipeline.copyIntoWithCancel(Unknown Source)
at java.util.stream.AbstractPipeline.copyInto(Unknown Source)
at java.util.stream.AbstractPipeline.wrapAndCopyInto(Unknown Source)
at java.util.stream.FindOps$FindOp.evaluateSequential(Unknown Source)
at java.util.stream.AbstractPipeline.evaluate(Unknown Source)
at java.util.stream.ReferencePipeline.findFirst(Unknown Source)
at org.openqa.selenium.remote.ProtocolHandshake.createSession(ProtocolHandshake.java:128)
at org.openqa.selenium.remote.ProtocolHandshake.createSession(ProtocolHandshake.java:74)
at org.openqa.selenium.remote.HttpCommandExecutor.execute(HttpCommandExecutor.java:136)
at org.openqa.selenium.remote.service.DriverCommandExecutor.execute(DriverCommandExecutor.java:83)
at org.openqa.selenium.remote.RemoteWebDriver.execute(RemoteWebDriver.java:552)
at org.openqa.selenium.remote.RemoteWebDriver.startSession(RemoteWebDriver.java:213)
at org.openqa.selenium.remote.RemoteWebDriver.<init>(RemoteWebDriver.java:131)
at org.openqa.selenium.chrome.ChromeDriver.<init>(ChromeDriver.java:181)
at org.openqa.selenium.chrome.ChromeDriver.<init>(ChromeDriver.java:168)
at org.openqa.selenium.chrome.ChromeDriver.<init>(ChromeDriver.java:123)
at Common_pomProject.Common.OpenBrowser(Common.java:33)
at Common_pomProject.Common.launchBrowser(Common.java:44)
at sun.reflect.NativeMethodAccessorImpl.invoke0(Native Method)
at sun.reflect.NativeMethodAccessorImpl.invoke(Unknown Source)
at sun.reflect.DelegatingMethodAccessorImpl.invoke(Unknown Source)
at java.lang.reflect.Method.invoke(Unknown Source)
at org.testng.internal.MethodInvocationHelper.invokeMethod(MethodInvocationHelper.java:132)
at org.testng.internal.MethodInvocationHelper.invokeMethodConsideringTimeout(MethodInvocationHelper.java:61)
at org.testng.internal.ConfigInvoker.invokeConfigurationMethod(ConfigInvoker.java:366)
at org.testng.internal.ConfigInvoker.invokeConfigurations(ConfigInvoker.java:320)
at org.testng.SuiteRunner.privateRun(SuiteRunner.java:327)
at org.testng.SuiteRunner.run(SuiteRunner.java:286)
at org.testng.SuiteRunnerWorker.runSuite(SuiteRunnerWorker.java:53)
at org.testng.SuiteRunnerWorker.run(SuiteRunnerWorker.java:96)
at org.testng.TestNG.runSuitesSequentially(TestNG.java:1218)
at org.testng.TestNG.runSuitesLocally(TestNG.java:1140)
at org.testng.TestNG.runSuites(TestNG.java:1069)
at org.testng.TestNG.run(TestNG.java:1037)
at org.testng.remote.AbstractRemoteTestNG.run(AbstractRemoteTestNG.java:115)
at org.testng.remote.RemoteTestNG.initAndRun(RemoteTestNG.java:251)
at org.testng.remote.RemoteTestNG.main(RemoteTestNG.java:77)
]]>
            </full-stacktrace>
          </exception> <!-- org.openqa.selenium.SessionNotCreatedException -->
          <reporter-output>
          </reporter-output>
        </test-method> <!-- launchBrowser -->
        <test-method status="SKIP" signature="first()[pri:0, instance:Maincode.Maincode@1786dec2]" name="first" duration-ms="0" started-at="2022-01-18T14:10:57 IST" finished-at="2022-01-18T14:10:57 IST">
          <exception class="org.openqa.selenium.SessionNotCreatedException">
            <message>
              <![CDATA[session not created: This version of ChromeDriver only supports Chrome version 95
Current browser version is 97.0.4692.71 with binary path C:\Program Files\Google\Chrome\Application\chrome.exe
Build info: version: '3.141.59', revision: 'e82be7d358', time: '2018-11-14T08:25:48'
System info: host: 'LAPTOP-B6A6O6DT', ip: '192.168.1.100', os.name: 'Windows 10', os.arch: 'amd64', os.version: '10.0', java.version: '1.8.0_311'
Driver info: driver.version: ChromeDriver
remote stacktrace: Backtrace:
Ordinal0 [0x00293AB3+2505395]
Ordinal0 [0x0022AE41+2076225]
Ordinal0 [0x00132498+1057944]
Ordinal0 [0x00150841+1181761]
Ordinal0 [0x0014C64B+1164875]
Ordinal0 [0x00149EBF+1154751]
Ordinal0 [0x0017A02F+1351727]
Ordinal0 [0x00179C9A+1350810]
Ordinal0 [0x001758BB+1333435]
Ordinal0 [0x001523E4+1188836]
Ordinal0 [0x0015323F+1192511]
GetHandleVerifier [0x0041CB36+1554566]
GetHandleVerifier [0x004C4A0C+2242396]
GetHandleVerifier [0x00320E0B+523099]
GetHandleVerifier [0x0031FEB0+519168]
Ordinal0 [0x002302FD+2097917]
Ordinal0 [0x00234388+2114440]
Ordinal0 [0x002344C2+2114754]
Ordinal0 [0x0023E041+2154561]
BaseThreadInitThunk [0x75126739+25]
RtlGetFullPathName_UEx [0x76F08AFF+1215]
RtlGetFullPathName_UEx [0x76F08ACD+1165]
(No symbol) [0x00000000]
]]>
            </message>
            <full-stacktrace>
              <![CDATA[org.openqa.selenium.SessionNotCreatedException: session not created: This version of ChromeDriver only supports Chrome version 95
Current browser version is 97.0.4692.71 with binary path C:\Program Files\Google\Chrome\Application\chrome.exe
Build info: version: '3.141.59', revision: 'e82be7d358', time: '2018-11-14T08:25:48'
System info: host: 'LAPTOP-B6A6O6DT', ip: '192.168.1.100', os.name: 'Windows 10', os.arch: 'amd64', os.version: '10.0', java.version: '1.8.0_311'
Driver info: driver.version: ChromeDriver
remote stacktrace: Backtrace:
Ordinal0 [0x00293AB3+2505395]
Ordinal0 [0x0022AE41+2076225]
Ordinal0 [0x00132498+1057944]
Ordinal0 [0x00150841+1181761]
Ordinal0 [0x0014C64B+1164875]
Ordinal0 [0x00149EBF+1154751]
Ordinal0 [0x0017A02F+1351727]
Ordinal0 [0x00179C9A+1350810]
Ordinal0 [0x001758BB+1333435]
Ordinal0 [0x001523E4+1188836]
Ordinal0 [0x0015323F+1192511]
GetHandleVerifier [0x0041CB36+1554566]
GetHandleVerifier [0x004C4A0C+2242396]
GetHandleVerifier [0x00320E0B+523099]
GetHandleVerifier [0x0031FEB0+519168]
Ordinal0 [0x002302FD+2097917]
Ordinal0 [0x00234388+2114440]
Ordinal0 [0x002344C2+2114754]
Ordinal0 [0x0023E041+2154561]
BaseThreadInitThunk [0x75126739+25]
RtlGetFullPathName_UEx [0x76F08AFF+1215]
RtlGetFullPathName_UEx [0x76F08ACD+1165]
(No symbol) [0x00000000]

at sun.reflect.NativeConstructorAccessorImpl.newInstance0(Native Method)
at sun.reflect.NativeConstructorAccessorImpl.newInstance(Unknown Source)
at sun.reflect.DelegatingConstructorAccessorImpl.newInstance(Unknown Source)
at java.lang.reflect.Constructor.newInstance(Unknown Source)
at org.openqa.selenium.remote.W3CHandshakeResponse.lambda$errorHandler$0(W3CHandshakeResponse.java:62)
at org.openqa.selenium.remote.HandshakeResponse.lambda$getResponseFunction$0(HandshakeResponse.java:30)
at org.openqa.selenium.remote.ProtocolHandshake.lambda$createSession$0(ProtocolHandshake.java:126)
at java.util.stream.ReferencePipeline$3$1.accept(Unknown Source)
at java.util.Spliterators$ArraySpliterator.tryAdvance(Unknown Source)
at java.util.stream.ReferencePipeline.forEachWithCancel(Unknown Source)
at java.util.stream.AbstractPipeline.copyIntoWithCancel(Unknown Source)
at java.util.stream.AbstractPipeline.copyInto(Unknown Source)
at java.util.stream.AbstractPipeline.wrapAndCopyInto(Unknown Source)
at java.util.stream.FindOps$FindOp.evaluateSequential(Unknown Source)
at java.util.stream.AbstractPipeline.evaluate(Unknown Source)
at java.util.stream.ReferencePipeline.findFirst(Unknown Source)
at org.openqa.selenium.remote.ProtocolHandshake.createSession(ProtocolHandshake.java:128)
at org.openqa.selenium.remote.ProtocolHandshake.createSession(ProtocolHandshake.java:74)
at org.openqa.selenium.remote.HttpCommandExecutor.execute(HttpCommandExecutor.java:136)
at org.openqa.selenium.remote.service.DriverCommandExecutor.execute(DriverCommandExecutor.java:83)
at org.openqa.selenium.remote.RemoteWebDriver.execute(RemoteWebDriver.java:552)
at org.openqa.selenium.remote.RemoteWebDriver.startSession(RemoteWebDriver.java:213)
at org.openqa.selenium.remote.RemoteWebDriver.<init>(RemoteWebDriver.java:131)
at org.openqa.selenium.chrome.ChromeDriver.<init>(ChromeDriver.java:181)
at org.openqa.selenium.chrome.ChromeDriver.<init>(ChromeDriver.java:168)
at org.openqa.selenium.chrome.ChromeDriver.<init>(ChromeDriver.java:123)
at Common_pomProject.Common.OpenBrowser(Common.java:33)
at Common_pomProject.Common.launchBrowser(Common.java:44)
at sun.reflect.NativeMethodAccessorImpl.invoke0(Native Method)
at sun.reflect.NativeMethodAccessorImpl.invoke(Unknown Source)
at sun.reflect.DelegatingMethodAccessorImpl.invoke(Unknown Source)
at java.lang.reflect.Method.invoke(Unknown Source)
at org.testng.internal.MethodInvocationHelper.invokeMethod(MethodInvocationHelper.java:132)
at org.testng.internal.MethodInvocationHelper.invokeMethodConsideringTimeout(MethodInvocationHelper.java:61)
at org.testng.internal.ConfigInvoker.invokeConfigurationMethod(ConfigInvoker.java:366)
at org.testng.internal.ConfigInvoker.invokeConfigurations(ConfigInvoker.java:320)
at org.testng.SuiteRunner.privateRun(SuiteRunner.java:327)
at org.testng.SuiteRunner.run(SuiteRunner.java:286)
at org.testng.SuiteRunnerWorker.runSuite(SuiteRunnerWorker.java:53)
at org.testng.SuiteRunnerWorker.run(SuiteRunnerWorker.java:96)
at org.testng.TestNG.runSuitesSequentially(TestNG.java:1218)
at org.testng.TestNG.runSuitesLocally(TestNG.java:1140)
at org.testng.TestNG.runSuites(TestNG.java:1069)
at org.testng.TestNG.run(TestNG.java:1037)
at org.testng.remote.AbstractRemoteTestNG.run(AbstractRemoteTestNG.java:115)
at org.testng.remote.RemoteTestNG.initAndRun(RemoteTestNG.java:251)
at org.testng.remote.RemoteTestNG.main(RemoteTestNG.java:77)
]]>
            </full-stacktrace>
          </exception> <!-- org.openqa.selenium.SessionNotCreatedException -->
          <reporter-output>
          </reporter-output>
        </test-method> <!-- first -->
        <test-method status="SKIP" signature="teardown()[pri:0, instance:Maincode.Maincode@1786dec2]" name="teardown" is-config="true" duration-ms="-1642495257178" started-at="2022-01-18T14:10:57 IST" finished-at="1970-01-01T05:30:00 IST">
          <reporter-output>
          </reporter-output>
        </test-method> <!-- teardown -->
      </class> <!-- Maincode.Maincode -->
    </test> <!-- Default test -->
  </suite> <!-- Default suite -->
</testng-results>
